<?xml version="1.0" encoding="UTF-8" ?>
<testsuite tests="29" failures="0" name="CucumberJUnitTests.RunCukesTest" time="13.424" errors="0" skipped="0">
  <properties>
[...]
</properties>
  <testcase classname="Scenario: Verify that the Valtech website is displaying" name="Given I define a user called &quot;The Website User&quot;" time="0.002"/>
  <testcase classname="Scenario: Verify that the Valtech website is displaying" name="And The Website User visits the Valtech website" time="0"/>
  <testcase classname="Scenario: Verify that the Valtech website is displaying" name="Then The Website User can verify that the Valtech website is displayed" time="0"/>
  <testcase classname="Scenario: Verify that the Valtech website is displaying" name="Scenario: Verify that the Valtech website is displaying" time="2.862"/>
  <testcase classname="Scenario: Verify that the &apos;Latest News&apos; section is displaying" name="Given I define a user called &quot;The Website User&quot;" time="0"/>
  <testcase classname="Scenario: Verify that the &apos;Latest News&apos; section is displaying" name="And The Website User visits the Valtech website" time="0"/>
  <testcase classname="Scenario: Verify that the &apos;Latest News&apos; section is displaying" name="Then The Website User can verify that the Latest News section is displayed" time="0"/>
  <testcase classname="Scenario: Verify that the &apos;Latest News&apos; section is displaying" name="Scenario: Verify that the &apos;Latest News&apos; section is displaying" time="2.122"/>
  <testcase classname="| About |" name="Given I define a user called &quot;The Website User&quot;" time="0"/>
  <testcase classname="| About |" name="And The Website User visits the Valtech website" time="0"/>
  <testcase classname="| About |" name="When The Website User navigates to the About Page" time="0"/>
  <testcase classname="| About |" name="Then The Website User can verify that the About Page is displayed" time="0"/>
  <testcase classname="| About |" name="| About |" time="2.036"/>
  <testcase classname="| Services |" name="Given I define a user called &quot;The Website User&quot;" time="0"/>
  <testcase classname="| Services |" name="And The Website User visits the Valtech website" time="0"/>
  <testcase classname="| Services |" name="When The Website User navigates to the Services Page" time="0"/>
  <testcase classname="| Services |" name="Then The Website User can verify that the Services Page is displayed" time="0"/>
  <testcase classname="| Services |" name="| Services |" time="2.044"/>
  <testcase classname="| Work |" name="Given I define a user called &quot;The Website User&quot;" time="0"/>
  <testcase classname="| Work |" name="And The Website User visits the Valtech website" time="0"/>
  <testcase classname="| Work |" name="When The Website User navigates to the Work Page" time="0"/>
  <testcase classname="| Work |" name="Then The Website User can verify that the Work Page is displayed" time="0"/>
  <testcase classname="| Work |" name="| Work |" time="2.127"/>
  <testcase classname="Scenario: Count the number of Valtech offices" name="Given I define a user called &quot;The Website User&quot;" time="0"/>
  <testcase classname="Scenario: Count the number of Valtech offices" name="And The Website User visits the Valtech website" time="0"/>
  <testcase classname="Scenario: Count the number of Valtech offices" name="When The Website User navigates to the Contact Page" time="0"/>
  <testcase classname="Scenario: Count the number of Valtech offices" name="And The Website User verifies that the Contact Page is displayed" time="0"/>
  <testcase classname="Scenario: Count the number of Valtech offices" name="Then The Website User can count the total number of Valtech offices" time="0"/>
  <testcase classname="Scenario: Count the number of Valtech offices" name="Scenario: Count the number of Valtech offices" time="2.231"/>
</testsuite>